[15:00:01] [main/INFO]: Loading Minecraft 1.20.1 with Fabric Loader 0.18.2
[15:00:01] [ForkJoinPool-1-worker-1/WARN]: Mod croptopia uses the version ${mod_version} which isn't compatible with Loader's extended semantic version format (Could not parse version number component '${mod_version}'!), SemVer is recommended for reliably evaluating dependencies and prioritizing newer version
[15:00:01] [main/INFO]: Loading 113 mods:
	- alexsmobs 1.20.1-1.4.0
	- almanac 1.0.2
	- appleskin 2.5.2+mc1.20.1
	- architectury 9.2.14
	- artifacts 9.5.17
	   |-- cardinal-components-base 5.2.2
	   |-- cardinal-components-entity 5.2.2
	   |-- expandability 9.0.4
	   \-- step-height-entity-attribute 1.2.0
	- artifacts-merging 1.0.2+1.20.1
	- artifactscrafting 1.0.4
	- balm 7.3.41
	   \-- kuma_api 20.1.12
	- betterdungeons 1.20-Fabric-4.0.4
	   \-- org_reflections_reflections 0.10.2
	- betterendisland 1.20-Fabric-2.0.6
	- betterfortresses 1.20-Fabric-2.0.6
	- carryon 2.1.2.7
	- citadel 1.20.1-1.0.0
	- cloth-config 11.1.136
	   \-- cloth-basic-math 0.6.1
	- connectedglass 1.1.14
	- creativecore 2.12.39
	   \-- net_minecraftforge_eventbus 6.0.3
	- croptopia ${mod_version}
	- elytraslot 6.4.4+1.20.1
	   \-- mixinsquared 0.1.2-beta.6
	- epherolib 1.2.0
	- fabric-api 0.92.9+1.20.1
	   |-- fabric-api-base 0.4.32+1802ada577
	   |-- fabric-api-lookup-api-v1 1.6.37+1802ada577
	   |-- fabric-biome-api-v1 13.0.15+93aa238b77
	   |-- fabric-block-api-v1 1.0.12+1802ada577
	   |-- fabric-block-view-api-v2 1.0.3+924f046a77
	   |-- fabric-blockrenderlayer-v1 1.1.42+1802ada577
	   |-- fabric-client-tags-api-v1 1.1.3+1802ada577
	   |-- fabric-command-api-v1 1.2.35+f71b366f77
	   |-- fabric-command-api-v2 2.2.14+1802ada577
	   |-- fabric-commands-v0 0.2.52+df3654b377
	   |-- fabric-containers-v0 0.1.68+df3654b377
	   |-- fabric-content-registries-v0 4.0.13+1802ada577
	   |-- fabric-convention-tags-v1 1.5.6+1802ada577
	   |-- fabric-crash-report-info-v1 0.2.20+1802ada577
	   |-- fabric-data-attachment-api-v1 1.0.2+de0fd6d177
	   |-- fabric-data-generation-api-v1 12.3.9+1802ada577
	   |-- fabric-dimensions-v1 2.1.55+1802ada577
	   |-- fabric-entity-events-v1 1.6.1+1c78457f77
	   |-- fabric-events-interaction-v0 0.6.6+13a40c6677
	   |-- fabric-events-lifecycle-v0 0.2.64+df3654b377
	   |-- fabric-game-rule-api-v1 1.0.41+1802ada577
	   |-- fabric-item-api-v1 2.1.29+1802ada577
	   |-- fabric-item-group-api-v1 4.0.14+1802ada577
	   |-- fabric-key-binding-api-v1 1.0.38+1802ada577
	   |-- fabric-keybindings-v0 0.2.36+df3654b377
	   |-- fabric-lifecycle-events-v1 2.2.23+1802ada577
	   |-- fabric-loot-api-v2 1.2.3+1802ada577
	   |-- fabric-loot-tables-v1 1.1.47+9e7660c677
	   |-- fabric-message-api-v1 5.1.10+1802ada577
	   |-- fabric-mining-level-api-v1 2.1.52+1802ada577
	   |-- fabric-model-loading-api-v1 1.0.4+1802ada577
	   |-- fabric-models-v0 0.4.3+9386d8a777
	   |-- fabric-networking-api-v1 1.3.15+0caff8d077
	   |-- fabric-networking-v0 0.3.55+df3654b377
	   |-- fabric-object-builder-api-v1 11.1.5+e35120df77
	   |-- fabric-particles-v1 1.1.3+1802ada577
	   |-- fabric-recipe-api-v1 1.0.25+1802ada577
	   |-- fabric-registry-sync-v0 2.4.1+4c0a70e677
	   |-- fabric-renderer-api-v1 3.2.2+1802ada577
	   |-- fabric-renderer-indigo 1.5.3+85287f9f77
	   |-- fabric-renderer-registries-v1 3.2.47+df3654b377
	   |-- fabric-rendering-data-attachment-v1 0.3.39+92a0d36777
	   |-- fabric-rendering-fluids-v1 3.0.29+1802ada577
	   |-- fabric-rendering-v0 1.1.50+df3654b377
	   |-- fabric-rendering-v1 3.0.9+1802ada577
	   |-- fabric-resource-conditions-api-v1 2.3.9+1802ada577
	   |-- fabric-resource-loader-v0 0.11.12+fb82e9d777
	   |-- fabric-screen-api-v1 2.0.9+1802ada577
	   |-- fabric-screen-handler-api-v1 1.3.34+1802ada577
	   |-- fabric-sound-api-v1 1.0.14+1802ada577
	   |-- fabric-transfer-api-v1 3.3.6+8dd72ea377
	   \-- fabric-transitive-access-wideners-v1 4.3.2+1802ada577
	- fabricloader 0.18.2
	   \-- mixinextras 0.5.0
	- forgeconfigapiport 8.0.3
	- framework 0.8.0
	   \-- org_javassist_javassist 3.29.2-GA
	- fusion 1.3.5
	- geckolib 4.8.4
	   \-- com_eliotlash_mclib_mclib 20
	- goblintraders 1.11.5
	- itemphysic 1.8.13
	- jade 11.13.1+fabric
	- java 17
	- jei 15.20.0.112
	- letmedespawn 1.5.0
	- lootr 0.7.35.86
	- minecraft 1.20.1
	- naturescompass 1.20.1-2.6.0-fabric
	- paraglider 20.1.4
	- sophisticatedbackpacks 1.20.1-3.23.4.5.110
	- sophisticatedcore 1.20.1-1.2.7.15.166
	   |-- porting_lib_extensions 2.3.2+1.20.1
	   |    |-- porting_lib_accessors 2.3.2+1.20.1
	   |    |-- porting_lib_attributes 2.3.2+1.20.1
	   |    |-- porting_lib_common 2.3.2+1.20.1
	   |    |-- porting_lib_core 2.3.2+1.20.1
	   |    \-- reach-entity-attributes 2.4.0
	   |-- porting_lib_fluids 2.3.2+1.20.1
	   |    \-- porting_lib_core 2.3.2+1.20.1
	   |-- porting_lib_loot 2.3.2+1.20.1
	   |    |-- porting_lib_core 2.3.2+1.20.1
	   |    \-- porting_lib_lazy_registration 2.3.2+1.20.1
	   |-- porting_lib_model_loader 2.3.2+1.20.1
	   |    \-- porting_lib_core 2.3.2+1.20.1
	   |-- porting_lib_networking 2.3.2+1.20.1
	   |    \-- porting_lib_core 2.3.2+1.20.1
	   |-- porting_lib_tool_actions 2.3.2+1.20.1
	   |    \-- porting_lib_core 2.3.2+1.20.1
	   |-- porting_lib_transfer 2.3.2+1.20.1
	   |    \-- porting_lib_core 2.3.2+1.20.1
	   \-- team_reborn_energy 3.0.0
	- sound_physics_remastered 1.20.1-1.5.1
	- supermartijn642corelib 1.1.21
	- terrablender 3.0.1.10
	   |-- com_electronwill_night-config_core 3.6.7
	   \-- com_electronwill_night-config_toml 3.6.7
	- trade_cycling 1.20.1-1.0.7
	   |-- fabric-key-binding-api-v1 1.0.36+fb8d95da82
	   \-- fabric-screen-api-v1 2.0.6+b3afc78b82
	- trashslot 15.1.5
	- treechop 0.19.0
	- trinkets 3.7.2
	- waystones 14.1.20
	- yungsapi 1.20-Fabric-4.0.6
[15:00:02] [main/INFO]: SpongePowered MIXIN Subsystem Version=0.8.7 Source=file:/workspaces/Wasa/servidor_minecraft/libraries/net/fabricmc/sponge-mixin/0.16.5+mixin.0.8.7/sponge-mixin-0.16.5+mixin.0.8.7.jar Service=Knot/Fabric Env=SERVER
[15:00:02] [main/INFO]: Compatibility level set to JAVA_17
[15:00:03] [main/WARN]: Reference map 'citadel.refmap.json' for citadel.mixins.json could not be read. If this is a development environment you can ignore this message
[15:00:03] [main/WARN]: Reference map 'connectedglass.mixins.refmap.json' for connectedglass.mixins.json could not be read. If this is a development environment you can ignore this message
[15:00:03] [main/WARN]: Reference map 'supermartijn642corelib.mixins.refmap.json' for supermartijn642corelib.mixins.json could not be read. If this is a development environment you can ignore this message
[15:00:03] [main/WARN]: Error loading class: net/minecraft/class_906 (java.lang.ClassNotFoundException: net/minecraft/class_906)
[15:00:03] [main/WARN]: @Mixin target net.minecraft.class_906 was not found porting_lib_tool_actions.mixins.json:FishingHookRendererMixin from mod porting_lib_tool_actions
[15:00:04] [main/INFO]: Initializing MixinExtras via com.llamalad7.mixinextras.service.MixinExtrasServiceImpl(version=0.5.0).
[15:00:18] [main/INFO]: Adding datapack listener capsid_recipes
[15:00:18] [main/INFO]: Registering C2S receiver with id artifacts:networking_channel/42a7ad70b1cc371599a0eff744096b8a
[15:00:18] [main/INFO]: Registering C2S receiver with id artifacts:networking_channel/74a5e841822a3a87854ae896a33430d6
[15:00:18] [main/INFO]: Registering C2S receiver with id artifacts:networking_channel/eb3d1e2748533430848cadf0f37c7e9c
[15:00:18] [main/INFO]: Registering C2S receiver with id artifacts:networking_channel/91c8520f19f93b3e8b6a727568e194ab
[15:00:18] [main/INFO]: Registering C2S receiver with id artifacts:networking_channel/8c2784d778293fd482ed84b8aa5fedb9
[15:00:18] [main/INFO]: Registering C2S receiver with id artifacts:networking_channel/ea038224ea783d40b2863f52239e2604
[15:00:18] [main/INFO]: Registering C2S receiver with id artifacts:networking_channel/97ad64b7ecaf33209991c4f031501a58
[15:00:18] [main/ERROR]: No data fixer registered for artifacts:mimic
[15:00:18] [main/INFO]: Artifacts Merging initialized!
[15:00:18] [main/INFO]: Hello Fabric world!
[15:00:18] [main/INFO]: Mod proxy balm:permissions resolved as net.blay09.mods.balm.common.permission.CommonBalmPermissions@50cdc785
[15:00:18] [main/INFO]: Reflections took 64 ms to scan 1 urls, producing 1 keys and 3 values
[15:00:18] [main/INFO]: Reflections took 5 ms to scan 1 urls, producing 1 keys and 3 values
[15:00:18] [main/INFO]: Reflections took 2 ms to scan 1 urls, producing 1 keys and 2 values
[15:00:18] [main/INFO]: Reflections took 1 ms to scan 1 urls, producing 1 keys and 2 values
[15:00:18] [main/INFO]: Reflections took 3 ms to scan 1 urls, producing 1 keys and 1 values
[15:00:18] [main/INFO]: Reflections took 1 ms to scan 1 urls, producing 1 keys and 1 values
[15:00:19] [main/INFO]: adding citadel surface rules via terrablender...
[15:00:19] [main/ERROR]: Failed to setup Terrablender compat
java.lang.NoSuchMethodException: terrablender.api.SurfaceRuleManager.addToDefaultSurfaceRulesAtStage(java.lang.Enum,java.lang.Enum,int,net.minecraft.class_6686$class_6708)
	at java.lang.Class.getMethod(Class.java:2229) ~[?:?]
	at com.github.alexthe666.citadel.compat.terrablender.TerrablenderCompat.setup(TerrablenderCompat.java:19) ~[citadel-1.20.1-1.0.0.jar:?]
	at com.github.alexthe666.citadel.compat.ModCompatBridge.afterAllModsLoaded(ModCompatBridge.java:16) ~[citadel-1.20.1-1.0.0.jar:?]
	at com.github.alexthe666.citadel.Citadel.onInitialize(Citadel.java:89) ~[citadel-1.20.1-1.0.0.jar:?]
	at net.fabricmc.loader.impl.FabricLoaderImpl.invokeEntrypoints(FabricLoaderImpl.java:405) ~[fabric-loader-0.18.2.jar:?]
	at net.fabricmc.loader.impl.game.minecraft.Hooks.startServer(Hooks.java:63) ~[fabric-loader-0.18.2.jar:?]
	at net.minecraft.server.Main.main(Main.java:112) ~[server-intermediary.jar:?]
	at net.fabricmc.loader.impl.game.minecraft.MinecraftGameProvider.launch(MinecraftGameProvider.java:514) ~[fabric-loader-0.18.2.jar:?]
	at net.fabricmc.loader.impl.launch.knot.Knot.launch(Knot.java:72) ~[fabric-loader-0.18.2.jar:?]
	at net.fabricmc.loader.impl.launch.knot.KnotServer.main(KnotServer.java:23) ~[fabric-loader-0.18.2.jar:?]
	at net.fabricmc.loader.impl.launch.server.FabricServerLauncher.main(FabricServerLauncher.java:69) ~[fabric-loader-0.18.2.jar:?]
	at net.fabricmc.installer.ServerLauncher.main(ServerLauncher.java:69) ~[fabric-server-launch.jar:1.0.1]
[15:00:19] [main/INFO]: Creating default config file: croptopia_v3.conf
[15:00:19] [main/INFO]: ExpandAbility here, who dis?
[15:00:20] [main/INFO]: Reflections took 24 ms to scan 1 urls, producing 2 keys and 9 values
[15:00:20] [main/ERROR]: No data fixer registered for goblin_trader
[15:00:20] [main/ERROR]: No data fixer registered for vein_goblin_trader
[15:00:21] [main/ERROR]: No data fixer registered for 
[15:00:21] [main/INFO]: Reflections took 5 ms to scan 1 urls, producing 1 keys and 4 values
[15:00:21] [main/INFO]: Reflections took 4 ms to scan 1 urls, producing 1 keys and 4 values
[15:00:22] [main/INFO]: Environment: authHost='https://authserver.mojang.com', accountsHost='https://api.mojang.com', sessionHost='https://sessionserver.mojang.com', servicesHost='https://api.minecraftservices.com', name='PROD'
[15:00:25] [main/INFO]: [fabric-registry-sync] Loaded registry data [file 1/4]
[15:00:28] [main/INFO]: Loaded 9 recipes
[15:00:29] [main/INFO]: Loaded 2162 advancements
[15:00:29] [main/WARN]: Could not decode GlobalLootModifier with json id alexsmobs:banana_drop - error: Unknown registry key in ResourceKey[minecraft:root / porting_lib:global_loot_modifier_serializers]: alexsmobs:banana_drop
[15:00:29] [main/WARN]: Could not decode GlobalLootModifier with json id alexsmobs:blossom_drop - error: Unknown registry key in ResourceKey[minecraft:root / porting_lib:global_loot_modifier_serializers]: alexsmobs:blossom_drop
[15:00:29] [main/WARN]: Could not decode GlobalLootModifier with json id alexsmobs:ancient_dart - error: Unknown registry key in ResourceKey[minecraft:root / porting_lib:global_loot_modifier_serializers]: alexsmobs:ancient_dart
[15:00:29] [main/WARN]: Could not decode GlobalLootModifier with json id alexsmobs:pigshoes - error: Unknown registry key in ResourceKey[minecraft:root / porting_lib:global_loot_modifier_serializers]: alexsmobs:pigshoes
[15:00:31] [main/INFO]: Registered region minecraft:overworld to index 0 for type OVERWORLD
[15:00:31] [main/INFO]: Registered region minecraft:nether to index 0 for type NETHER
[15:00:31] [main/INFO]: Initialized TerraBlender biomes for level stem minecraft:the_nether
[15:00:31] [main/INFO]: Initialized TerraBlender biomes for level stem minecraft:overworld
[15:00:31] [main/INFO]: Applied 989 biome modifications to 65 of 65 new biomes in 122.7 ms
[15:00:31] [Server thread/INFO]: Loading server configs...
[15:00:31] [Server thread/INFO]: Starting minecraft server version 1.20.1
[15:00:31] [Server thread/INFO]: Loading properties
[15:00:31] [Server thread/INFO]: Default game type: SURVIVAL
[15:00:31] [Server thread/INFO]: Generating keypair
[15:00:32] [Server thread/INFO]: Starting Minecraft server on *:25565
[15:00:32] [Server thread/INFO]: Using epoll channel type
[15:00:32] [Server thread/WARN]: **** SERVER IS RUNNING IN OFFLINE/INSECURE MODE!
[15:00:32] [Server thread/WARN]: The server will make no attempt to authenticate usernames. Beware.
[15:00:32] [Server thread/WARN]: While this makes the game possible to play without internet access, it also opens up the ability for hackers to connect with any username they choose.
[15:00:32] [Server thread/WARN]: To change this, set "online-mode" to "true" in the server.properties file.
[15:00:32] [Server thread/INFO]: Preparing level "world"
[15:00:42] [Server thread/INFO]: Preparing start region for dimension minecraft:overworld
[15:00:50] [Worker-Main-2/INFO]: Preparing spawn area: 0%
[15:00:50] [Worker-Main-2/INFO]: Preparing spawn area: 0%
[15:00:50] [Worker-Main-2/INFO]: Preparing spawn area: 0%
[15:00:50] [Worker-Main-2/INFO]: Preparing spawn area: 0%
[15:00:50] [Worker-Main-2/INFO]: Preparing spawn area: 0%
[15:00:50] [Worker-Main-2/INFO]: Preparing spawn area: 0%
[15:00:50] [Worker-Main-2/INFO]: Preparing spawn area: 0%
[15:00:50] [Worker-Main-2/INFO]: Preparing spawn area: 0%
[15:00:50] [Worker-Main-2/INFO]: Preparing spawn area: 0%
[15:00:50] [Worker-Main-2/INFO]: Preparing spawn area: 0%
[15:00:50] [Worker-Main-2/INFO]: Preparing spawn area: 0%
[15:00:50] [Worker-Main-2/INFO]: Preparing spawn area: 0%
[15:00:50] [Worker-Main-2/INFO]: Preparing spawn area: 0%
[15:00:50] [Worker-Main-2/INFO]: Preparing spawn area: 0%
[15:00:50] [Worker-Main-2/INFO]: Preparing spawn area: 0%
[15:00:50] [Worker-Main-2/INFO]: Preparing spawn area: 0%
[15:00:51] [Worker-Main-2/INFO]: Preparing spawn area: 0%
[15:00:51] [Worker-Main-2/INFO]: Preparing spawn area: 0%
[15:00:51] [Worker-Main-2/INFO]: Preparing spawn area: 0%
[15:00:51] [Worker-Main-2/INFO]: Preparing spawn area: 0%
[15:00:52] [Worker-Main-2/INFO]: Preparing spawn area: 0%
[15:00:52] [Worker-Main-2/INFO]: Preparing spawn area: 0%
[15:00:53] [Worker-Main-2/INFO]: Preparing spawn area: 0%
[15:00:53] [Worker-Main-2/INFO]: Preparing spawn area: 0%
[15:00:54] [Worker-Main-2/INFO]: Preparing spawn area: 0%
[15:00:54] [Worker-Main-2/INFO]: Preparing spawn area: 0%
[15:00:55] [Worker-Main-2/INFO]: Preparing spawn area: 0%
[15:00:55] [Worker-Main-2/INFO]: Preparing spawn area: 0%
[15:00:56] [Worker-Main-2/INFO]: Preparing spawn area: 0%
[15:00:56] [Worker-Main-2/INFO]: Preparing spawn area: 0%
[15:00:57] [Worker-Main-2/INFO]: Preparing spawn area: 0%
[15:00:57] [Server thread/INFO]: Time elapsed: 15866 ms
[15:00:57] [Server thread/INFO]: Done (25.433s)! For help, type "help"
[15:00:58] [Server thread/INFO]: Start loading plugin from Balm
[15:00:58] [Server thread/INFO]: Start loading plugin from Jade
[15:00:58] [Server thread/INFO]: Start loading plugin from Jade
[15:00:58] [Server thread/INFO]: Start loading plugin from Jade
[15:00:58] [Server thread/INFO]: Start loading plugin from HT's TreeChop
[15:00:58] [Server thread/INFO]: Start loading plugin from Waystones
[15:01:00] [Server thread/WARN]: Can't keep up! Is the server overloaded? Running 2077ms or 41 ticks behind
[15:01:55] [Server thread/INFO]: Tmarsi219[/100.109.76.68:64092] logged in with entity id 182 at (1089.5709053435808, 129.0, -437.1539807427256)
[15:01:55] [Server thread/INFO]: Syncing config to Tmarsi219 (fa9e6abc-6e4a-352b-b5da-32290d78f2d4)
[15:01:55] [Server thread/INFO]: Tmarsi219 joined the game
[15:01:58] [Server thread/WARN]: Can't keep up! Is the server overloaded? Running 2014ms or 40 ticks behind
[15:02:42] [Server thread/INFO]: Tmarsi219 lost connection: Disconnected
[15:02:42] [Server thread/INFO]: Tmarsi219 left the game
[15:02:55] [Server thread/INFO]: Tmarsi219[/100.109.76.68:64104] logged in with entity id 309 at (1117.5, 127.0, -449.5)
[15:02:56] [Server thread/INFO]: Syncing config to Tmarsi219 (fa9e6abc-6e4a-352b-b5da-32290d78f2d4)
[15:02:56] [Server thread/INFO]: Tmarsi219 joined the game
[15:03:20] [Server thread/INFO]: Doracks[/100.107.101.31:58153] logged in with entity id 365 at (1105.1466565170292, 127.0, -438.3288331768369)
[15:03:20] [Server thread/INFO]: Syncing config to Doracks (ce9006e5-c7d5-3a82-9eab-57b378b78da6)
[15:03:20] [Server thread/INFO]: Doracks joined the game
